GROUP,PACKAGE,CLASS,INSTRUCTION_MISSED,INSTRUCTION_COVERED,BRANCH_MISSED,BRANCH_COVERED,LINE_MISSED,LINE_COVERED,COMPLEXITY_MISSED,COMPLEXITY_COVERED,METHOD_MISSED,METHOD_COVERED
CarRentalSystem,com.carrental,App,21,0,4,0,8,0,4,0,2,0
CarRentalSystem,com.carrental.models,User,52,0,0,0,22,0,15,0,15,0
CarRentalSystem,com.carrental.models,Booking,80,0,0,0,34,0,23,0,23,0
CarRentalSystem,com.carrental.models,Insurance,16,22,0,0,6,10,5,6,5,6
CarRentalSystem,com.carrental.models,Car,10,70,0,0,4,30,3,20,3,20
CarRentalSystem,com.carrental.database,DatabaseConnection,11,29,0,0,4,7,1,1,1,1
CarRentalSystem,com.carrental.controller,CarController,36,0,4,0,10,0,7,0,5,0
CarRentalSystem,com.carrental.service,CarService,0,26,0,0,0,6,0,5,0,5
